<?xml version="1.0" encoding="UTF-8"?>
<!-- Generated by org.testng.reporters.JUnitReportReporter -->
<testsuite hostname="DESKTOP-65OKV1R" name="end2endtesting.E2ETestproject.Homepage" tests="1" failures="0" timestamp="18 Aug 2022 17:37:15 GMT" time="98.300" errors="0">
  <testcase name="basePageNavigation" time="98.300" classname="end2endtesting.E2ETestproject.Homepage"/>
</testsuite>
